{
  "RSpec": {
    "coverage": {
      "C:/Users/Twinkal Savani/671533/ruby/blog/app/models/user.rb": [
        1,
        null,
        null,
        1,
        1,
        null,
        1,
        null,
        null,
        null
      ],
      "C:/Users/Twinkal Savani/671533/ruby/blog/app/helpers/application_helper.rb": [
        1,
        1,
        0,
        0,
        0,
        null,
        0,
        null,
        null,
        null
      ],
      "C:/Users/Twinkal Savani/671533/ruby/blog/app/helpers/blog_masters_helper.rb": [
        1,
        null
      ],
      "C:/Users/Twinkal Savani/671533/ruby/blog/app/helpers/comments_helper.rb": [
        1,
        null
      ],
      "C:/Users/Twinkal Savani/671533/ruby/blog/app/helpers/post_masters_helper.rb": [
        1,
        null,
        1,
        0,
        0,
        null,
        0,
        null,
        null,
        null,
        null
      ],
      "C:/Users/Twinkal Savani/671533/ruby/blog/app/helpers/static_pages_helper.rb": [
        1,
        null
      ],
      "C:/Users/Twinkal Savani/671533/ruby/blog/app/controllers/blog_masters_controller.rb": [
        null,
        1,
        1,
        null,
        null,
        null,
        1,
        null,
        null,
        0,
        null,
        0,
        0,
        0,
        null,
        null,
        null,
        null,
        null,
        1,
        0,
        0,
        null,
        null,
        null,
        null,
        null,
        1,
        0,
        null,
        null,
        null,
        1,
        null,
        null,
        null,
        null,
        1,
        0,
        null,
        0,
        0,
        0,
        0,
        null,
        0,
        0,
        null,
        null,
        null,
        null,
        null,
        null,
        1,
        0,
        0,
        0,
        0,
        null,
        0,
        0,
        null,
        null,
        null,
        null,
        null,
        null,
        null,
        null,
        1,
        0,
        0,
        0,
        0,
        null,
        null,
        null,
        null,
        null,
        1,
        null,
        1,
        0,
        null,
        null,
        null,
        1,
        0,
        null,
        null
      ],
      "C:/Users/Twinkal Savani/671533/ruby/blog/app/controllers/application_controller.rb": [
        null,
        1,
        null,
        null,
        1,
        1,
        null,
        1,
        null,
        1,
        null,
        0,
        0,
        null,
        null,
        0,
        0,
        null,
        null,
        null,
        null,
        null,
        null
      ],
      "C:/Users/Twinkal Savani/671533/ruby/blog/app/controllers/comments_controller.rb": [
        1,
        1,
        null,
        1,
        0,
        null,
        null,
        1,
        0,
        null,
        null,
        1,
        0,
        0,
        0,
        0,
        null,
        0,
        null,
        null,
        null,
        1,
        0,
        0,
        0,
        0,
        null,
        null,
        null,
        1,
        null,
        1,
        0,
        null,
        null,
        1,
        0,
        null,
        null
      ],
      "C:/Users/Twinkal Savani/671533/ruby/blog/app/controllers/post_masters_controller.rb": [
        1,
        1,
        null,
        null,
        null,
        1,
        0,
        0,
        0,
        null,
        null,
        null,
        null,
        1,
        null,
        0,
        null,
        null,
        null,
        null,
        null,
        0,
        null,
        null,
        null,
        1,
        0,
        0,
        null,
        null,
        null,
        null,
        1,
        null,
        null,
        null,
        null,
        1,
        null,
        0,
        null,
        0,
        0,
        0,
        0,
        null,
        0,
        0,
        null,
        null,
        null,
        null,
        null,
        null,
        1,
        0,
        0,
        0,
        0,
        null,
        0,
        0,
        null,
        null,
        null,
        null,
        null,
        null,
        1,
        0,
        0,
        0,
        0,
        null,
        null,
        null,
        null,
        null,
        1,
        null,
        1,
        0,
        null,
        null,
        null,
        1,
        0,
        null,
        null
      ],
      "C:/Users/Twinkal Savani/671533/ruby/blog/app/controllers/static_pages_controller.rb": [
        1,
        1,
        null,
        null,
        1,
        null,
        null,
        1,
        null,
        null,
        1,
        null,
        null
      ],
      "C:/Users/Twinkal Savani/671533/ruby/blog/app/models/blog_master.rb": [
        1,
        1,
        1,
        null,
        1,
        null
      ],
      "C:/Users/Twinkal Savani/671533/ruby/blog/app/models/comment.rb": [
        1,
        1,
        1,
        null,
        null,
        null
      ],
      "C:/Users/Twinkal Savani/671533/ruby/blog/app/models/post_master.rb": [
        1,
        1,
        1,
        null,
        1,
        null
      ]
    },
    "timestamp": 1407489869
  }
}
